<?xml version="1.0" encoding="UTF-8"?>
<testsuite xmlns:xsi="http://www.w3.org/2001/XMLSchema-instance" xsi:noNamespaceSchemaLocation="https://maven.apache.org/surefire/maven-surefire-plugin/xsd/surefire-test-report.xsd" name="fr.bnpparibas.prevoyance.poc.reference.repositories.ProductRepositoryTest" time="9.204" tests="1" errors="0" skipped="0" failures="0">
  <properties>
    <property name="sun.desktop" value="windows"/>
    <property name="awt.toolkit" value="sun.awt.windows.WToolkit"/>
    <property name="java.specification.version" value="12"/>
    <property name="sun.cpu.isalist" value="amd64"/>
    <property name="sun.jnu.encoding" value="Cp1252"/>
    <property name="java.class.path" value="D:\workspace\reference-spring-boot\target\test-classes;D:\workspace\reference-spring-boot\target\classes;d:\rep-maven\org\springframework\boot\spring-boot-starter-web\2.3.4.RELEASE\spring-boot-starter-web-2.3.4.RELEASE.jar;d:\rep-maven\org\springframework\boot\spring-boot-starter\2.3.4.RELEASE\spring-boot-starter-2.3.4.RELEASE.jar;d:\rep-maven\org\springframework\boot\spring-boot\2.3.4.RELEASE\spring-boot-2.3.4.RELEASE.jar;d:\rep-maven\org\springframework\boot\spring-boot-autoconfigure\2.3.4.RELEASE\spring-boot-autoconfigure-2.3.4.RELEASE.jar;d:\rep-maven\org\springframework\boot\spring-boot-starter-logging\2.3.4.RELEASE\spring-boot-starter-logging-2.3.4.RELEASE.jar;d:\rep-maven\ch\qos\logback\logback-classic\1.2.3\logback-classic-1.2.3.jar;d:\rep-maven\ch\qos\logback\logback-core\1.2.3\logback-core-1.2.3.jar;d:\rep-maven\org\apache\logging\log4j\log4j-to-slf4j\2.13.3\log4j-to-slf4j-2.13.3.jar;d:\rep-maven\org\apache\logging\log4j\log4j-api\2.13.3\log4j-api-2.13.3.jar;d:\rep-maven\org\slf4j\jul-to-slf4j\1.7.30\jul-to-slf4j-1.7.30.jar;d:\rep-maven\jakarta\annotation\jakarta.annotation-api\1.3.5\jakarta.annotation-api-1.3.5.jar;d:\rep-maven\org\yaml\snakeyaml\1.26\snakeyaml-1.26.jar;d:\rep-maven\org\springframework\boot\spring-boot-starter-json\2.3.4.RELEASE\spring-boot-starter-json-2.3.4.RELEASE.jar;d:\rep-maven\com\fasterxml\jackson\core\jackson-databind\2.11.2\jackson-databind-2.11.2.jar;d:\rep-maven\com\fasterxml\jackson\core\jackson-core\2.11.2\jackson-core-2.11.2.jar;d:\rep-maven\com\fasterxml\jackson\datatype\jackson-datatype-jdk8\2.11.2\jackson-datatype-jdk8-2.11.2.jar;d:\rep-maven\com\fasterxml\jackson\datatype\jackson-datatype-jsr310\2.11.2\jackson-datatype-jsr310-2.11.2.jar;d:\rep-maven\com\fasterxml\jackson\module\jackson-module-parameter-names\2.11.2\jackson-module-parameter-names-2.11.2.jar;d:\rep-maven\org\springframework\boot\spring-boot-starter-tomcat\2.3.4.RELEASE\spring-boot-starter-tomcat-2.3.4.RELEASE.jar;d:\rep-maven\org\apache\tomcat\embed\tomcat-embed-core\9.0.38\tomcat-embed-core-9.0.38.jar;d:\rep-maven\org\apache\tomcat\embed\tomcat-embed-websocket\9.0.38\tomcat-embed-websocket-9.0.38.jar;d:\rep-maven\org\springframework\spring-web\5.2.9.RELEASE\spring-web-5.2.9.RELEASE.jar;d:\rep-maven\org\springframework\spring-beans\5.2.9.RELEASE\spring-beans-5.2.9.RELEASE.jar;d:\rep-maven\org\springframework\spring-webmvc\5.2.9.RELEASE\spring-webmvc-5.2.9.RELEASE.jar;d:\rep-maven\org\springframework\spring-aop\5.2.9.RELEASE\spring-aop-5.2.9.RELEASE.jar;d:\rep-maven\org\springframework\spring-context\5.2.9.RELEASE\spring-context-5.2.9.RELEASE.jar;d:\rep-maven\org\springframework\spring-expression\5.2.9.RELEASE\spring-expression-5.2.9.RELEASE.jar;d:\rep-maven\org\springframework\boot\spring-boot-starter-validation\2.3.4.RELEASE\spring-boot-starter-validation-2.3.4.RELEASE.jar;d:\rep-maven\org\glassfish\jakarta.el\3.0.3\jakarta.el-3.0.3.jar;d:\rep-maven\org\hibernate\validator\hibernate-validator\6.1.5.Final\hibernate-validator-6.1.5.Final.jar;d:\rep-maven\jakarta\validation\jakarta.validation-api\2.0.2\jakarta.validation-api-2.0.2.jar;d:\rep-maven\org\jboss\logging\jboss-logging\3.4.1.Final\jboss-logging-3.4.1.Final.jar;d:\rep-maven\org\springframework\boot\spring-boot-starter-data-jpa\2.3.4.RELEASE\spring-boot-starter-data-jpa-2.3.4.RELEASE.jar;d:\rep-maven\org\springframework\boot\spring-boot-starter-aop\2.3.4.RELEASE\spring-boot-starter-aop-2.3.4.RELEASE.jar;d:\rep-maven\org\aspectj\aspectjweaver\1.9.6\aspectjweaver-1.9.6.jar;d:\rep-maven\org\springframework\boot\spring-boot-starter-jdbc\2.3.4.RELEASE\spring-boot-starter-jdbc-2.3.4.RELEASE.jar;d:\rep-maven\com\zaxxer\HikariCP\3.4.5\HikariCP-3.4.5.jar;d:\rep-maven\org\springframework\spring-jdbc\5.2.9.RELEASE\spring-jdbc-5.2.9.RELEASE.jar;d:\rep-maven\jakarta\transaction\jakarta.transaction-api\1.3.3\jakarta.transaction-api-1.3.3.jar;d:\rep-maven\jakarta\persistence\jakarta.persistence-api\2.2.3\jakarta.persistence-api-2.2.3.jar;d:\rep-maven\org\hibernate\hibernate-core\5.4.21.Final\hibernate-core-5.4.21.Final.jar;d:\rep-maven\org\javassist\javassist\3.24.0-GA\javassist-3.24.0-GA.jar;d:\rep-maven\net\bytebuddy\byte-buddy\1.10.14\byte-buddy-1.10.14.jar;d:\rep-maven\antlr\antlr\2.7.7\antlr-2.7.7.jar;d:\rep-maven\org\jboss\jandex\2.1.3.Final\jandex-2.1.3.Final.jar;d:\rep-maven\org\dom4j\dom4j\2.1.3\dom4j-2.1.3.jar;d:\rep-maven\org\hibernate\common\hibernate-commons-annotations\5.1.0.Final\hibernate-commons-annotations-5.1.0.Final.jar;d:\rep-maven\org\glassfish\jaxb\jaxb-runtime\2.3.3\jaxb-runtime-2.3.3.jar;d:\rep-maven\org\glassfish\jaxb\txw2\2.3.3\txw2-2.3.3.jar;d:\rep-maven\com\sun\istack\istack-commons-runtime\3.0.11\istack-commons-runtime-3.0.11.jar;d:\rep-maven\com\sun\activation\jakarta.activation\1.2.2\jakarta.activation-1.2.2.jar;d:\rep-maven\org\springframework\data\spring-data-jpa\2.3.4.RELEASE\spring-data-jpa-2.3.4.RELEASE.jar;d:\rep-maven\org\springframework\data\spring-data-commons\2.3.4.RELEASE\spring-data-commons-2.3.4.RELEASE.jar;d:\rep-maven\org\springframework\spring-orm\5.2.9.RELEASE\spring-orm-5.2.9.RELEASE.jar;d:\rep-maven\org\springframework\spring-tx\5.2.9.RELEASE\spring-tx-5.2.9.RELEASE.jar;d:\rep-maven\org\springframework\spring-aspects\5.2.9.RELEASE\spring-aspects-5.2.9.RELEASE.jar;d:\rep-maven\org\mapstruct\mapstruct-jdk8\1.2.0.Final\mapstruct-jdk8-1.2.0.Final.jar;d:\rep-maven\io\springfox\springfox-swagger2\2.9.2\springfox-swagger2-2.9.2.jar;d:\rep-maven\io\swagger\swagger-annotations\1.5.20\swagger-annotations-1.5.20.jar;d:\rep-maven\io\swagger\swagger-models\1.5.20\swagger-models-1.5.20.jar;d:\rep-maven\com\fasterxml\jackson\core\jackson-annotations\2.11.2\jackson-annotations-2.11.2.jar;d:\rep-maven\io\springfox\springfox-spi\2.9.2\springfox-spi-2.9.2.jar;d:\rep-maven\io\springfox\springfox-core\2.9.2\springfox-core-2.9.2.jar;d:\rep-maven\io\springfox\springfox-schema\2.9.2\springfox-schema-2.9.2.jar;d:\rep-maven\io\springfox\springfox-swagger-common\2.9.2\springfox-swagger-common-2.9.2.jar;d:\rep-maven\io\springfox\springfox-spring-web\2.9.2\springfox-spring-web-2.9.2.jar;d:\rep-maven\com\google\guava\guava\20.0\guava-20.0.jar;d:\rep-maven\com\fasterxml\classmate\1.5.1\classmate-1.5.1.jar;d:\rep-maven\org\slf4j\slf4j-api\1.7.30\slf4j-api-1.7.30.jar;d:\rep-maven\org\springframework\plugin\spring-plugin-core\1.2.0.RELEASE\spring-plugin-core-1.2.0.RELEASE.jar;d:\rep-maven\org\springframework\plugin\spring-plugin-metadata\1.2.0.RELEASE\spring-plugin-metadata-1.2.0.RELEASE.jar;d:\rep-maven\org\mapstruct\mapstruct\1.2.0.Final\mapstruct-1.2.0.Final.jar;d:\rep-maven\io\springfox\springfox-swagger-ui\2.9.2\springfox-swagger-ui-2.9.2.jar;d:\rep-maven\com\h2database\h2\1.4.200\h2-1.4.200.jar;d:\rep-maven\org\springframework\boot\spring-boot-starter-test\2.3.4.RELEASE\spring-boot-starter-test-2.3.4.RELEASE.jar;d:\rep-maven\org\springframework\boot\spring-boot-test\2.3.4.RELEASE\spring-boot-test-2.3.4.RELEASE.jar;d:\rep-maven\org\springframework\boot\spring-boot-test-autoconfigure\2.3.4.RELEASE\spring-boot-test-autoconfigure-2.3.4.RELEASE.jar;d:\rep-maven\com\jayway\jsonpath\json-path\2.4.0\json-path-2.4.0.jar;d:\rep-maven\net\minidev\json-smart\2.3\json-smart-2.3.jar;d:\rep-maven\net\minidev\accessors-smart\1.2\accessors-smart-1.2.jar;d:\rep-maven\org\ow2\asm\asm\5.0.4\asm-5.0.4.jar;d:\rep-maven\jakarta\xml\bind\jakarta.xml.bind-api\2.3.3\jakarta.xml.bind-api-2.3.3.jar;d:\rep-maven\jakarta\activation\jakarta.activation-api\1.2.2\jakarta.activation-api-1.2.2.jar;d:\rep-maven\org\assertj\assertj-core\3.16.1\assertj-core-3.16.1.jar;d:\rep-maven\org\hamcrest\hamcrest\2.2\hamcrest-2.2.jar;d:\rep-maven\org\junit\jupiter\junit-jupiter\5.6.2\junit-jupiter-5.6.2.jar;d:\rep-maven\org\junit\jupiter\junit-jupiter-api\5.6.2\junit-jupiter-api-5.6.2.jar;d:\rep-maven\org\opentest4j\opentest4j\1.2.0\opentest4j-1.2.0.jar;d:\rep-maven\org\junit\platform\junit-platform-commons\1.6.2\junit-platform-commons-1.6.2.jar;d:\rep-maven\org\junit\jupiter\junit-jupiter-params\5.6.2\junit-jupiter-params-5.6.2.jar;d:\rep-maven\org\junit\jupiter\junit-jupiter-engine\5.6.2\junit-jupiter-engine-5.6.2.jar;d:\rep-maven\org\junit\vintage\junit-vintage-engine\5.6.2\junit-vintage-engine-5.6.2.jar;d:\rep-maven\org\apiguardian\apiguardian-api\1.1.0\apiguardian-api-1.1.0.jar;d:\rep-maven\org\junit\platform\junit-platform-engine\1.6.2\junit-platform-engine-1.6.2.jar;d:\rep-maven\junit\junit\4.13\junit-4.13.jar;d:\rep-maven\org\mockito\mockito-core\3.3.3\mockito-core-3.3.3.jar;d:\rep-maven\net\bytebuddy\byte-buddy-agent\1.10.14\byte-buddy-agent-1.10.14.jar;d:\rep-maven\org\objenesis\objenesis\2.6\objenesis-2.6.jar;d:\rep-maven\org\mockito\mockito-junit-jupiter\3.3.3\mockito-junit-jupiter-3.3.3.jar;d:\rep-maven\org\skyscreamer\jsonassert\1.5.0\jsonassert-1.5.0.jar;d:\rep-maven\com\vaadin\external\google\android-json\0.0.20131108.vaadin1\android-json-0.0.20131108.vaadin1.jar;d:\rep-maven\org\springframework\spring-core\5.2.9.RELEASE\spring-core-5.2.9.RELEASE.jar;d:\rep-maven\org\springframework\spring-jcl\5.2.9.RELEASE\spring-jcl-5.2.9.RELEASE.jar;d:\rep-maven\org\springframework\spring-test\5.2.9.RELEASE\spring-test-5.2.9.RELEASE.jar;d:\rep-maven\org\xmlunit\xmlunit-core\2.7.0\xmlunit-core-2.7.0.jar;"/>
    <property name="java.vm.vendor" value="Oracle Corporation"/>
    <property name="sun.arch.data.model" value="64"/>
    <property name="user.variant" value=""/>
    <property name="java.vendor.url" value="https://java.oracle.com/"/>
    <property name="user.timezone" value="Europe/Paris"/>
    <property name="os.name" value="Windows 10"/>
    <property name="java.vm.specification.version" value="12"/>
    <property name="sun.java.launcher" value="SUN_STANDARD"/>
    <property name="user.country" value="FR"/>
    <property name="sun.boot.library.path" value="D:\appli\java\jdk-12.0.2\bin"/>
    <property name="sun.java.command" value="C:\Users\yelma\AppData\Local\Temp\surefire14577554394043563873\surefirebooter1648767757999971997.jar C:\Users\yelma\AppData\Local\Temp\surefire14577554394043563873 2020-10-25T21-18-20_691-jvmRun1 surefire15695948171959530749tmp surefire_05846055545103035994tmp"/>
    <property name="jdk.debug" value="release"/>
    <property name="surefire.test.class.path" value="D:\workspace\reference-spring-boot\target\test-classes;D:\workspace\reference-spring-boot\target\classes;d:\rep-maven\org\springframework\boot\spring-boot-starter-web\2.3.4.RELEASE\spring-boot-starter-web-2.3.4.RELEASE.jar;d:\rep-maven\org\springframework\boot\spring-boot-starter\2.3.4.RELEASE\spring-boot-starter-2.3.4.RELEASE.jar;d:\rep-maven\org\springframework\boot\spring-boot\2.3.4.RELEASE\spring-boot-2.3.4.RELEASE.jar;d:\rep-maven\org\springframework\boot\spring-boot-autoconfigure\2.3.4.RELEASE\spring-boot-autoconfigure-2.3.4.RELEASE.jar;d:\rep-maven\org\springframework\boot\spring-boot-starter-logging\2.3.4.RELEASE\spring-boot-starter-logging-2.3.4.RELEASE.jar;d:\rep-maven\ch\qos\logback\logback-classic\1.2.3\logback-classic-1.2.3.jar;d:\rep-maven\ch\qos\logback\logback-core\1.2.3\logback-core-1.2.3.jar;d:\rep-maven\org\apache\logging\log4j\log4j-to-slf4j\2.13.3\log4j-to-slf4j-2.13.3.jar;d:\rep-maven\org\apache\logging\log4j\log4j-api\2.13.3\log4j-api-2.13.3.jar;d:\rep-maven\org\slf4j\jul-to-slf4j\1.7.30\jul-to-slf4j-1.7.30.jar;d:\rep-maven\jakarta\annotation\jakarta.annotation-api\1.3.5\jakarta.annotation-api-1.3.5.jar;d:\rep-maven\org\yaml\snakeyaml\1.26\snakeyaml-1.26.jar;d:\rep-maven\org\springframework\boot\spring-boot-starter-json\2.3.4.RELEASE\spring-boot-starter-json-2.3.4.RELEASE.jar;d:\rep-maven\com\fasterxml\jackson\core\jackson-databind\2.11.2\jackson-databind-2.11.2.jar;d:\rep-maven\com\fasterxml\jackson\core\jackson-core\2.11.2\jackson-core-2.11.2.jar;d:\rep-maven\com\fasterxml\jackson\datatype\jackson-datatype-jdk8\2.11.2\jackson-datatype-jdk8-2.11.2.jar;d:\rep-maven\com\fasterxml\jackson\datatype\jackson-datatype-jsr310\2.11.2\jackson-datatype-jsr310-2.11.2.jar;d:\rep-maven\com\fasterxml\jackson\module\jackson-module-parameter-names\2.11.2\jackson-module-parameter-names-2.11.2.jar;d:\rep-maven\org\springframework\boot\spring-boot-starter-tomcat\2.3.4.RELEASE\spring-boot-starter-tomcat-2.3.4.RELEASE.jar;d:\rep-maven\org\apache\tomcat\embed\tomcat-embed-core\9.0.38\tomcat-embed-core-9.0.38.jar;d:\rep-maven\org\apache\tomcat\embed\tomcat-embed-websocket\9.0.38\tomcat-embed-websocket-9.0.38.jar;d:\rep-maven\org\springframework\spring-web\5.2.9.RELEASE\spring-web-5.2.9.RELEASE.jar;d:\rep-maven\org\springframework\spring-beans\5.2.9.RELEASE\spring-beans-5.2.9.RELEASE.jar;d:\rep-maven\org\springframework\spring-webmvc\5.2.9.RELEASE\spring-webmvc-5.2.9.RELEASE.jar;d:\rep-maven\org\springframework\spring-aop\5.2.9.RELEASE\spring-aop-5.2.9.RELEASE.jar;d:\rep-maven\org\springframework\spring-context\5.2.9.RELEASE\spring-context-5.2.9.RELEASE.jar;d:\rep-maven\org\springframework\spring-expression\5.2.9.RELEASE\spring-expression-5.2.9.RELEASE.jar;d:\rep-maven\org\springframework\boot\spring-boot-starter-validation\2.3.4.RELEASE\spring-boot-starter-validation-2.3.4.RELEASE.jar;d:\rep-maven\org\glassfish\jakarta.el\3.0.3\jakarta.el-3.0.3.jar;d:\rep-maven\org\hibernate\validator\hibernate-validator\6.1.5.Final\hibernate-validator-6.1.5.Final.jar;d:\rep-maven\jakarta\validation\jakarta.validation-api\2.0.2\jakarta.validation-api-2.0.2.jar;d:\rep-maven\org\jboss\logging\jboss-logging\3.4.1.Final\jboss-logging-3.4.1.Final.jar;d:\rep-maven\org\springframework\boot\spring-boot-starter-data-jpa\2.3.4.RELEASE\spring-boot-starter-data-jpa-2.3.4.RELEASE.jar;d:\rep-maven\org\springframework\boot\spring-boot-starter-aop\2.3.4.RELEASE\spring-boot-starter-aop-2.3.4.RELEASE.jar;d:\rep-maven\org\aspectj\aspectjweaver\1.9.6\aspectjweaver-1.9.6.jar;d:\rep-maven\org\springframework\boot\spring-boot-starter-jdbc\2.3.4.RELEASE\spring-boot-starter-jdbc-2.3.4.RELEASE.jar;d:\rep-maven\com\zaxxer\HikariCP\3.4.5\HikariCP-3.4.5.jar;d:\rep-maven\org\springframework\spring-jdbc\5.2.9.RELEASE\spring-jdbc-5.2.9.RELEASE.jar;d:\rep-maven\jakarta\transaction\jakarta.transaction-api\1.3.3\jakarta.transaction-api-1.3.3.jar;d:\rep-maven\jakarta\persistence\jakarta.persistence-api\2.2.3\jakarta.persistence-api-2.2.3.jar;d:\rep-maven\org\hibernate\hibernate-core\5.4.21.Final\hibernate-core-5.4.21.Final.jar;d:\rep-maven\org\javassist\javassist\3.24.0-GA\javassist-3.24.0-GA.jar;d:\rep-maven\net\bytebuddy\byte-buddy\1.10.14\byte-buddy-1.10.14.jar;d:\rep-maven\antlr\antlr\2.7.7\antlr-2.7.7.jar;d:\rep-maven\org\jboss\jandex\2.1.3.Final\jandex-2.1.3.Final.jar;d:\rep-maven\org\dom4j\dom4j\2.1.3\dom4j-2.1.3.jar;d:\rep-maven\org\hibernate\common\hibernate-commons-annotations\5.1.0.Final\hibernate-commons-annotations-5.1.0.Final.jar;d:\rep-maven\org\glassfish\jaxb\jaxb-runtime\2.3.3\jaxb-runtime-2.3.3.jar;d:\rep-maven\org\glassfish\jaxb\txw2\2.3.3\txw2-2.3.3.jar;d:\rep-maven\com\sun\istack\istack-commons-runtime\3.0.11\istack-commons-runtime-3.0.11.jar;d:\rep-maven\com\sun\activation\jakarta.activation\1.2.2\jakarta.activation-1.2.2.jar;d:\rep-maven\org\springframework\data\spring-data-jpa\2.3.4.RELEASE\spring-data-jpa-2.3.4.RELEASE.jar;d:\rep-maven\org\springframework\data\spring-data-commons\2.3.4.RELEASE\spring-data-commons-2.3.4.RELEASE.jar;d:\rep-maven\org\springframework\spring-orm\5.2.9.RELEASE\spring-orm-5.2.9.RELEASE.jar;d:\rep-maven\org\springframework\spring-tx\5.2.9.RELEASE\spring-tx-5.2.9.RELEASE.jar;d:\rep-maven\org\springframework\spring-aspects\5.2.9.RELEASE\spring-aspects-5.2.9.RELEASE.jar;d:\rep-maven\org\mapstruct\mapstruct-jdk8\1.2.0.Final\mapstruct-jdk8-1.2.0.Final.jar;d:\rep-maven\io\springfox\springfox-swagger2\2.9.2\springfox-swagger2-2.9.2.jar;d:\rep-maven\io\swagger\swagger-annotations\1.5.20\swagger-annotations-1.5.20.jar;d:\rep-maven\io\swagger\swagger-models\1.5.20\swagger-models-1.5.20.jar;d:\rep-maven\com\fasterxml\jackson\core\jackson-annotations\2.11.2\jackson-annotations-2.11.2.jar;d:\rep-maven\io\springfox\springfox-spi\2.9.2\springfox-spi-2.9.2.jar;d:\rep-maven\io\springfox\springfox-core\2.9.2\springfox-core-2.9.2.jar;d:\rep-maven\io\springfox\springfox-schema\2.9.2\springfox-schema-2.9.2.jar;d:\rep-maven\io\springfox\springfox-swagger-common\2.9.2\springfox-swagger-common-2.9.2.jar;d:\rep-maven\io\springfox\springfox-spring-web\2.9.2\springfox-spring-web-2.9.2.jar;d:\rep-maven\com\google\guava\guava\20.0\guava-20.0.jar;d:\rep-maven\com\fasterxml\classmate\1.5.1\classmate-1.5.1.jar;d:\rep-maven\org\slf4j\slf4j-api\1.7.30\slf4j-api-1.7.30.jar;d:\rep-maven\org\springframework\plugin\spring-plugin-core\1.2.0.RELEASE\spring-plugin-core-1.2.0.RELEASE.jar;d:\rep-maven\org\springframework\plugin\spring-plugin-metadata\1.2.0.RELEASE\spring-plugin-metadata-1.2.0.RELEASE.jar;d:\rep-maven\org\mapstruct\mapstruct\1.2.0.Final\mapstruct-1.2.0.Final.jar;d:\rep-maven\io\springfox\springfox-swagger-ui\2.9.2\springfox-swagger-ui-2.9.2.jar;d:\rep-maven\com\h2database\h2\1.4.200\h2-1.4.200.jar;d:\rep-maven\org\springframework\boot\spring-boot-starter-test\2.3.4.RELEASE\spring-boot-starter-test-2.3.4.RELEASE.jar;d:\rep-maven\org\springframework\boot\spring-boot-test\2.3.4.RELEASE\spring-boot-test-2.3.4.RELEASE.jar;d:\rep-maven\org\springframework\boot\spring-boot-test-autoconfigure\2.3.4.RELEASE\spring-boot-test-autoconfigure-2.3.4.RELEASE.jar;d:\rep-maven\com\jayway\jsonpath\json-path\2.4.0\json-path-2.4.0.jar;d:\rep-maven\net\minidev\json-smart\2.3\json-smart-2.3.jar;d:\rep-maven\net\minidev\accessors-smart\1.2\accessors-smart-1.2.jar;d:\rep-maven\org\ow2\asm\asm\5.0.4\asm-5.0.4.jar;d:\rep-maven\jakarta\xml\bind\jakarta.xml.bind-api\2.3.3\jakarta.xml.bind-api-2.3.3.jar;d:\rep-maven\jakarta\activation\jakarta.activation-api\1.2.2\jakarta.activation-api-1.2.2.jar;d:\rep-maven\org\assertj\assertj-core\3.16.1\assertj-core-3.16.1.jar;d:\rep-maven\org\hamcrest\hamcrest\2.2\hamcrest-2.2.jar;d:\rep-maven\org\junit\jupiter\junit-jupiter\5.6.2\junit-jupiter-5.6.2.jar;d:\rep-maven\org\junit\jupiter\junit-jupiter-api\5.6.2\junit-jupiter-api-5.6.2.jar;d:\rep-maven\org\opentest4j\opentest4j\1.2.0\opentest4j-1.2.0.jar;d:\rep-maven\org\junit\platform\junit-platform-commons\1.6.2\junit-platform-commons-1.6.2.jar;d:\rep-maven\org\junit\jupiter\junit-jupiter-params\5.6.2\junit-jupiter-params-5.6.2.jar;d:\rep-maven\org\junit\jupiter\junit-jupiter-engine\5.6.2\junit-jupiter-engine-5.6.2.jar;d:\rep-maven\org\junit\vintage\junit-vintage-engine\5.6.2\junit-vintage-engine-5.6.2.jar;d:\rep-maven\org\apiguardian\apiguardian-api\1.1.0\apiguardian-api-1.1.0.jar;d:\rep-maven\org\junit\platform\junit-platform-engine\1.6.2\junit-platform-engine-1.6.2.jar;d:\rep-maven\junit\junit\4.13\junit-4.13.jar;d:\rep-maven\org\mockito\mockito-core\3.3.3\mockito-core-3.3.3.jar;d:\rep-maven\net\bytebuddy\byte-buddy-agent\1.10.14\byte-buddy-agent-1.10.14.jar;d:\rep-maven\org\objenesis\objenesis\2.6\objenesis-2.6.jar;d:\rep-maven\org\mockito\mockito-junit-jupiter\3.3.3\mockito-junit-jupiter-3.3.3.jar;d:\rep-maven\org\skyscreamer\jsonassert\1.5.0\jsonassert-1.5.0.jar;d:\rep-maven\com\vaadin\external\google\android-json\0.0.20131108.vaadin1\android-json-0.0.20131108.vaadin1.jar;d:\rep-maven\org\springframework\spring-core\5.2.9.RELEASE\spring-core-5.2.9.RELEASE.jar;d:\rep-maven\org\springframework\spring-jcl\5.2.9.RELEASE\spring-jcl-5.2.9.RELEASE.jar;d:\rep-maven\org\springframework\spring-test\5.2.9.RELEASE\spring-test-5.2.9.RELEASE.jar;d:\rep-maven\org\xmlunit\xmlunit-core\2.7.0\xmlunit-core-2.7.0.jar;"/>
    <property name="sun.cpu.endian" value="little"/>
    <property name="user.home" value="C:\Users\yelma"/>
    <property name="user.language" value="fr"/>
    <property name="java.specification.vendor" value="Oracle Corporation"/>
    <property name="java.version.date" value="2019-07-16"/>
    <property name="java.home" value="D:\appli\java\jdk-12.0.2"/>
    <property name="file.separator" value="\"/>
    <property name="basedir" value="D:\workspace\reference-spring-boot"/>
    <property name="java.vm.compressedOopsMode" value="Zero based"/>
    <property name="line.separator" value="&#10;"/>
    <property name="java.vm.specification.vendor" value="Oracle Corporation"/>
    <property name="java.specification.name" value="Java Platform API Specification"/>
    <property name="java.awt.graphicsenv" value="sun.awt.Win32GraphicsEnvironment"/>
    <property name="surefire.real.class.path" value="C:\Users\yelma\AppData\Local\Temp\surefire14577554394043563873\surefirebooter1648767757999971997.jar"/>
    <property name="user.script" value=""/>
    <property name="sun.management.compiler" value="HotSpot 64-Bit Tiered Compilers"/>
    <property name="java.runtime.version" value="12.0.2+10"/>
    <property name="user.name" value="yelma"/>
    <property name="path.separator" value=";"/>
    <property name="os.version" value="10.0"/>
    <property name="java.runtime.name" value="Java(TM) SE Runtime Environment"/>
    <property name="file.encoding" value="Cp1252"/>
    <property name="java.vm.name" value="Java HotSpot(TM) 64-Bit Server VM"/>
    <property name="localRepository" value="d:\rep-maven"/>
    <property name="java.vendor.url.bug" value="https://bugreport.java.com/bugreport/"/>
    <property name="java.io.tmpdir" value="C:\Users\yelma\AppData\Local\Temp\"/>
    <property name="java.version" value="12.0.2"/>
    <property name="user.dir" value="D:\workspace\reference-spring-boot"/>
    <property name="os.arch" value="amd64"/>
    <property name="java.vm.specification.name" value="Java Virtual Machine Specification"/>
    <property name="sun.os.patch.level" value=""/>
    <property name="java.library.path" value="D:\appli\java\jdk-12.0.2\bin;C:\WINDOWS\Sun\Java\bin;C:\WINDOWS\system32;C:\WINDOWS;D:/appli/java/bin/client;D:/appli/java/bin;D:\appli\java\bin;C:\Program Files (x86)\Common Files\Oracle\Java\javapath;C:\Python38\Scripts\;C:\Python38\;C:\ProgramData\Oracle\Java\javapath;C:\Program Files (x86)\Intel\iCLS Client\;C:\Program Files\Intel\iCLS Client\;C:\Windows\system32;C:\Windows;C:\Windows\System32\Wbem;C:\Windows\System32\WindowsPowerShell\v1.0\;C:\Program Files (x86)\NVIDIA Corporation\PhysX\Common;C:\Program Files (x86)\Intel\Intel(R) Management Engine Components\DAL;C:\Program Files\Intel\Intel(R) Management Engine Components\DAL;C:\Program Files (x86)\Intel\Intel(R) Management Engine Components\IPT;C:\Program Files\Intel\Intel(R) Management Engine Components\IPT;C:\WINDOWS\system32;C:\WINDOWS;C:\WINDOWS\System32\Wbem;C:\WINDOWS\System32\WindowsPowerShell\v1.0\;C:\Program Files\Intel\WiFi\bin\;C:\Program Files\Common Files\Intel\WirelessCommon\;C:\Program Files\PuTTY\;C:\WINDOWS\System32\OpenSSH\;C:\Program Files\Microsoft VS Code\bin;D:\tools\terraform_0.12.12_windows_amd64;C:\Program Files\TortoiseGit\bin;C:\Program Files\Git\cmd;C:\ProgramData\chocolatey\bin;C:\Program Files\nodejs\;D:\appli\kafka-tools\confluent-5.4.0\bin;D:\appli\kafka-tools\kafka2.3.0\zookeeper-3.4.9\bin;;C:\Program Files (x86)\Lua\5.1;C:\Program Files (x86)\Lua\5.1\clibs;D:\tools\bin;C:\Program Files\Docker\Docker\resources\bin;C:\ProgramData\DockerDesktop\version-bin;C:\Users\yelma\AppData\Local\Microsoft\WindowsApps;;C:\Program Files\Microsoft VS Code\bin;C:\Users\yelma\AppData\Roaming\npm;C:\WINDOWS\system32;;."/>
    <property name="java.vm.info" value="mixed mode, sharing"/>
    <property name="java.vendor" value="Oracle Corporation"/>
    <property name="java.vm.version" value="12.0.2+10"/>
    <property name="sun.io.unicode.encoding" value="UnicodeLittle"/>
    <property name="java.class.version" value="56.0"/>
  </properties>
  <testcase name="canSaveProduct" classname="fr.bnpparibas.prevoyance.poc.reference.repositories.ProductRepositoryTest" time="0.995"/>
</testsuite>